<?xml version="1.0" encoding="UTF-8"?>
<!-- Generated by org.testng.reporters.JUnitXMLReporter -->
<testsuite ignored="0" hostname="DESKTOP-O33LNSB" failures="0" tests="79" name="Surefire test" time="0.796" errors="0" timestamp="2020-12-24T13:14:08 MSK">
  <testcase classname="ua.procamp.AccountAnalyticsTest" name="testGroupAccountsByEmailDomain on testGroupAccountsByEmailDomain(ua.procamp.AccountAnalyticsTest)" time="0.04"/>
  <testcase classname="ua.procamp.AccountAnalyticsTest" name="testSortByFirstAndLastNames on testSortByFirstAndLastNames(ua.procamp.AccountAnalyticsTest)" time="0.04"/>
  <testcase classname="ua.procamp.AccountAnalyticsTest" name="testGetBalanceByEmail on testGetBalanceByEmail(ua.procamp.AccountAnalyticsTest)" time="0.044"/>
  <testcase classname="ua.procamp.AccountAnalyticsTest" name="testContainsAccountWithEmailDomain on testContainsAccountWithEmailDomain(ua.procamp.AccountAnalyticsTest)" time="0.045"/>
  <testcase classname="ua.procamp.AccountAnalyticsTest" name="testCollectAccountsById on testCollectAccountsById(ua.procamp.AccountAnalyticsTest)" time="0.046"/>
  <testcase classname="ua.procamp.AccountAnalyticsTest" name="testFindAccountsByBirthdayMonth on testFindAccountsByBirthdayMonth(ua.procamp.AccountAnalyticsTest)" time="0.047"/>
  <testcase classname="ua.procamp.AccountAnalyticsTest" name="testGroupTotalBalanceByCreationMonth on testGroupTotalBalanceByCreationMonth(ua.procamp.AccountAnalyticsTest)" time="0.054"/>
  <testcase classname="ua.procamp.AccountAnalyticsTest" name="testGroupCommaSeparatedFirstNamesByBirthdayMonth on testGroupCommaSeparatedFirstNamesByBirthdayMonth(ua.procamp.AccountAnalyticsTest)" time="0.055"/>
  <testcase classname="ua.procamp.AccountAnalyticsTest" name="testFindRichestPerson on testFindRichestPerson(ua.procamp.AccountAnalyticsTest)" time="0.056"/>
  <testcase classname="ua.procamp.AccountAnalyticsTest" name="testCalculateTotalBalance on testCalculateTotalBalance(ua.procamp.AccountAnalyticsTest)" time="0.058"/>
  <testcase classname="ua.procamp.AccountAnalyticsTest" name="testGetCharacterFrequencyIgnoreCaseInFirstAndLastNames on testGetCharacterFrequencyIgnoreCaseInFirstAndLastNames(ua.procamp.AccountAnalyticsTest)" time="0.065"/>
  <testcase classname="ua.procamp.AccountAnalyticsTest" name="testSeparateMaleAccounts on testSeparateMaleAccounts(ua.procamp.AccountAnalyticsTest)" time="0.066"/>
  <testcase classname="ua.procamp.AccountAnalyticsTest" name="testGetNumOfLettersInFirstAndLastNames on testGetNumOfLettersInFirstAndLastNames(ua.procamp.AccountAnalyticsTest)" time="0.069"/>
  <testcase classname="ua.procamp.AccountAnalyticsTest" name="testGetBalanceByEmailThrowsException on testGetBalanceByEmailThrowsException(ua.procamp.AccountAnalyticsTest)" time="0.071"/>
  <testcase classname="ua.procamp.AccountAnalyticsTest" name="testGroupFirstNamesByLastNames on testGroupFirstNamesByLastNames(ua.procamp.AccountAnalyticsTest)" time="0.073"/>
  <testcase classname="ua.procamp.AccountAnalyticsTest" name="testGetCharacterFrequencyInFirstNames on testGetCharacterFrequencyInFirstNames(ua.procamp.AccountAnalyticsTest)" time="0.083"/>
  <testcase classname="ua.procamp.AccountAnalyticsTest" name="testCollectBalancesByIdForAccountsCreatedOn on testCollectBalancesByIdForAccountsCreatedOn(ua.procamp.AccountAnalyticsTest)" time="0.087"/>
  <testcase classname="ua.procamp.CrazyLambdasTest" name="testIsEmptyPredicate on testIsEmptyPredicate(ua.procamp.CrazyLambdasTest)" time="0.005"/>
  <testcase classname="ua.procamp.CrazyLambdasTest" name="testFunctionToConditionalFunction on testFunctionToConditionalFunction(ua.procamp.CrazyLambdasTest)" time="0.01"/>
  <testcase classname="ua.procamp.CrazyLambdasTest" name="testRandomIntSupplier on testRandomIntSupplier(ua.procamp.CrazyLambdasTest)" time="0.015"/>
  <testcase classname="ua.procamp.CrazyLambdasTest" name="testNMultiplyFunctionSupplier on testNMultiplyFunctionSupplier(ua.procamp.CrazyLambdasTest)" time="0.016"/>
  <testcase classname="ua.procamp.CrazyLambdasTest" name="testRunningThreadSupplier on testRunningThreadSupplier(ua.procamp.CrazyLambdasTest)" time="0.019"/>
  <testcase classname="ua.procamp.CrazyLambdasTest" name="testRunnableToThreadSupplierFunction on testRunnableToThreadSupplierFunction(ua.procamp.CrazyLambdasTest)" time="0.022"/>
  <testcase classname="ua.procamp.CrazyLambdasTest" name="testBoundedRandomIntSupplier on testBoundedRandomIntSupplier(ua.procamp.CrazyLambdasTest)" time="0.023"/>
  <testcase classname="ua.procamp.CrazyLambdasTest" name="testTrickyWellDoneSupplier on testTrickyWellDoneSupplier(ua.procamp.CrazyLambdasTest)" time="0.024"/>
  <testcase classname="ua.procamp.CrazyLambdasTest" name="testHelloSupplier on testHelloSupplier(ua.procamp.CrazyLambdasTest)" time="0.025"/>
  <testcase classname="ua.procamp.CrazyLambdasTest" name="testLengthInRangePredicate on testLengthInRangePredicate(ua.procamp.CrazyLambdasTest)" time="0.026"/>
  <testcase classname="ua.procamp.CrazyLambdasTest" name="testNewThreadRunnableConsumer on testNewThreadRunnableConsumer(ua.procamp.CrazyLambdasTest)" time="0.528"/>
  <testcase classname="ua.procamp.CrazyLambdasTest" name="testLongSumOperation on testLongSumOperation(ua.procamp.CrazyLambdasTest)" time="0.531"/>
  <testcase classname="ua.procamp.CrazyLambdasTest" name="testToDollarStringFunction on testToDollarStringFunction(ua.procamp.CrazyLambdasTest)" time="0.534"/>
  <testcase classname="ua.procamp.CrazyLambdasTest" name="testStringToIntConverter on testStringToIntConverter(ua.procamp.CrazyLambdasTest)" time="0.535"/>
  <testcase classname="ua.procamp.CrazyLambdasTest" name="testIntSquareOperation on testIntSquareOperation(ua.procamp.CrazyLambdasTest)" time="0.537"/>
  <testcase classname="ua.procamp.LinkedListTest" name="testAddElements on testAddElements(ua.procamp.LinkedListTest)" time="0.006"/>
  <testcase classname="ua.procamp.LinkedListTest" name="testGetFirstElementFromSingleElementList on testGetFirstElementFromSingleElementList(ua.procamp.LinkedListTest)" time="0.006"/>
  <testcase classname="ua.procamp.LinkedListTest" name="testSizeOnEmptyList on testSizeOnEmptyList(ua.procamp.LinkedListTest)" time="0.007"/>
  <testcase classname="ua.procamp.LinkedListTest" name="testSize on testSize(ua.procamp.LinkedListTest)" time="0.007"/>
  <testcase classname="ua.procamp.LinkedListTest" name="testClearChangesTheSize on testClearChangesTheSize(ua.procamp.LinkedListTest)" time="0.007"/>
  <testcase classname="ua.procamp.LinkedListTest" name="testAddElementByIndex on testAddElementByIndex(ua.procamp.LinkedListTest)" time="0.007"/>
  <testcase classname="ua.procamp.LinkedListTest" name="testRemoveFirstElement on testRemoveFirstElement(ua.procamp.LinkedListTest)" time="0.007"/>
  <testcase classname="ua.procamp.LinkedListTest" name="testClearOnEmptyList on testClearOnEmptyList(ua.procamp.LinkedListTest)" time="0.008"/>
  <testcase classname="ua.procamp.LinkedListTest" name="testContainsOnEmptyList on testContainsOnEmptyList(ua.procamp.LinkedListTest)" time="0.007"/>
  <testcase classname="ua.procamp.LinkedListTest" name="testGetElementByNegativeIndex on testGetElementByNegativeIndex(ua.procamp.LinkedListTest)" time="0.008"/>
  <testcase classname="ua.procamp.LinkedListTest" name="testClearRemovesElements on testClearRemovesElements(ua.procamp.LinkedListTest)" time="0.008"/>
  <testcase classname="ua.procamp.LinkedListTest" name="testSetElementByIndex on testSetElementByIndex(ua.procamp.LinkedListTest)" time="0.009"/>
  <testcase classname="ua.procamp.LinkedListTest" name="testRemoveLastElement on testRemoveLastElement(ua.procamp.LinkedListTest)" time="0.009"/>
  <testcase classname="ua.procamp.LinkedListTest" name="testGetElementByIndexEqualsToListSize on testGetElementByIndexEqualsToListSize(ua.procamp.LinkedListTest)" time="0.01"/>
  <testcase classname="ua.procamp.LinkedListTest" name="testContains on testContains(ua.procamp.LinkedListTest)" time="0.011"/>
  <testcase classname="ua.procamp.LinkedListTest" name="testAddElementByIndexEqualToSize on testAddElementByIndexEqualToSize(ua.procamp.LinkedListTest)" time="0.012"/>
  <testcase classname="ua.procamp.LinkedListTest" name="testIsEmptyOnEmptyList on testIsEmptyOnEmptyList(ua.procamp.LinkedListTest)" time="0.013"/>
  <testcase classname="ua.procamp.LinkedListTest" name="testAddElementToTheHeadOfNonEmptyList on testAddElementToTheHeadOfNonEmptyList(ua.procamp.LinkedListTest)" time="0.013"/>
  <testcase classname="ua.procamp.LinkedListTest" name="testAddElementByNegativeIndex on testAddElementByNegativeIndex(ua.procamp.LinkedListTest)" time="0.014"/>
  <testcase classname="ua.procamp.LinkedListTest" name="testAddElementByIndexToTheEndOfList on testAddElementByIndexToTheEndOfList(ua.procamp.LinkedListTest)" time="0.015"/>
  <testcase classname="ua.procamp.LinkedListTest" name="testAddElementByZeroIndexIntoEmptyList on testAddElementByZeroIndexIntoEmptyList(ua.procamp.LinkedListTest)" time="0.014"/>
  <testcase classname="ua.procamp.LinkedListTest" name="testGetFirstElementFromEmptyList on testGetFirstElementFromEmptyList(ua.procamp.LinkedListTest)" time="0.015"/>
  <testcase classname="ua.procamp.LinkedListTest" name="testAddElementByIndexLargerThanListSize on testAddElementByIndexLargerThanListSize(ua.procamp.LinkedListTest)" time="0.016"/>
  <testcase classname="ua.procamp.LinkedListTest" name="testGetElements on testGetElements(ua.procamp.LinkedListTest)" time="0.017"/>
  <testcase classname="ua.procamp.LinkedListTest" name="testRemoveElement on testRemoveElement(ua.procamp.LinkedListTest)" time="0.017"/>
  <testcase classname="ua.procamp.LinkedListTest" name="testRemoveElementFromEmptyList on testRemoveElementFromEmptyList(ua.procamp.LinkedListTest)" time="0.018"/>
  <testcase classname="ua.procamp.LinkedListTest" name="testSetElementByIndexEqualToSize on testSetElementByIndexEqualToSize(ua.procamp.LinkedListTest)" time="0.019"/>
  <testcase classname="ua.procamp.LinkedListTest" name="testIsEmpty on testIsEmpty(ua.procamp.LinkedListTest)" time="0.022"/>
  <testcase classname="ua.procamp.LinkedListTest" name="testAddIntoEmptyList on testAddIntoEmptyList(ua.procamp.LinkedListTest)" time="0.022"/>
  <testcase classname="ua.procamp.LinkedListTest" name="testSetFirstElementOnEmptyTree on testSetFirstElementOnEmptyTree(ua.procamp.LinkedListTest)" time="0.023"/>
  <testcase classname="ua.procamp.QueueTest" name="testPollLastElement on testPollLastElement(ua.procamp.QueueTest)" time="0.004"/>
  <testcase classname="ua.procamp.QueueTest" name="testAddElementIntoEmptyQueue on testAddElementIntoEmptyQueue(ua.procamp.QueueTest)" time="0.005"/>
  <testcase classname="ua.procamp.QueueTest" name="testSizeOfEmptyQueue on testSizeOfEmptyQueue(ua.procamp.QueueTest)" time="0.004"/>
  <testcase classname="ua.procamp.QueueTest" name="testSize on testSize(ua.procamp.QueueTest)" time="0.005"/>
  <testcase classname="ua.procamp.QueueTest" name="testAddElement on testAddElement(ua.procamp.QueueTest)" time="0.005"/>
  <testcase classname="ua.procamp.QueueTest" name="testIsEmptyOnEmptyQueue on testIsEmptyOnEmptyQueue(ua.procamp.QueueTest)" time="0.005"/>
  <testcase classname="ua.procamp.QueueTest" name="testPollElementFromEmptyQueue on testPollElementFromEmptyQueue(ua.procamp.QueueTest)" time="0.005"/>
  <testcase classname="ua.procamp.QueueTest" name="testPollElement on testPollElement(ua.procamp.QueueTest)" time="0.006"/>
  <testcase classname="ua.procamp.QueueTest" name="testIsEmpty on testIsEmpty(ua.procamp.QueueTest)" time="0.006"/>
  <testcase classname="ua.procamp.StackTest" name="testPopElementFromEmptyStack on testPopElementFromEmptyStack(ua.procamp.StackTest)" time="0.002"/>
  <testcase classname="ua.procamp.StackTest" name="testPushElements on testPushElements(ua.procamp.StackTest)" time="0.008"/>
  <testcase classname="ua.procamp.StackTest" name="testPushElementOntoEmptyStack on testPushElementOntoEmptyStack(ua.procamp.StackTest)" time="0.008"/>
  <testcase classname="ua.procamp.StackTest" name="testSize on testSize(ua.procamp.StackTest)" time="0.008"/>
  <testcase classname="ua.procamp.StackTest" name="testPopElements on testPopElements(ua.procamp.StackTest)" time="0.009"/>
  <testcase classname="ua.procamp.StackTest" name="testIsEmptyOnEmptyStack on testIsEmptyOnEmptyStack(ua.procamp.StackTest)" time="0.009"/>
  <testcase classname="ua.procamp.StackTest" name="testSizeOnEmptyStack on testSizeOnEmptyStack(ua.procamp.StackTest)" time="0.01"/>
  <testcase classname="ua.procamp.StackTest" name="testIsEmpty on testIsEmpty(ua.procamp.StackTest)" time="0.01"/>
</testsuite> <!-- Surefire test -->
